Using pre-set license
Built from '2022.3/staging' branch; Version is '2022.3.4f1 (35713cd46cd7) revision 3502396'; Using compiler version '192829333'; Build Type 'Release'
OS: 'Windows 10  (10.0.19045) 64bit Professional' Language: 'es' Physical Memory: 32715 MB
BatchMode: 1, IsHumanControllingUs: 0, StartBugReporterOnCrash: 0, Is64bit: 1, IsPro: 1

COMMAND LINE ARGUMENTS:
C:\Program Files\Unity\Hub\Editor\2022.3.4f1\Editor\Unity.exe
-adb2
-batchMode
-noUpm
-name
AssetImportWorker1
-projectPath
Z:/Este Equipo/Desktop/Cosas Alejandro/Carta de presentación
-logFile
Logs/AssetImportWorker1.log
-srvPort
62379
Successfully changed project path to: Z:/Este Equipo/Desktop/Cosas Alejandro/Carta de presentación
Z:/Este Equipo/Desktop/Cosas Alejandro/Carta de presentación
[UnityMemory] Configuration Parameters - Can be set up in boot.config
    "memorysetup-bucket-allocator-granularity=16"
    "memorysetup-bucket-allocator-bucket-count=8"
    "memorysetup-bucket-allocator-block-size=33554432"
    "memorysetup-bucket-allocator-block-count=8"
    "memorysetup-main-allocator-block-size=16777216"
    "memorysetup-thread-allocator-block-size=16777216"
    "memorysetup-gfx-main-allocator-block-size=16777216"
    "memorysetup-gfx-thread-allocator-block-size=16777216"
    "memorysetup-cache-allocator-block-size=4194304"
    "memorysetup-typetree-allocator-block-size=2097152"
    "memorysetup-profiler-bucket-allocator-granularity=16"
    "memorysetup-profiler-bucket-allocator-bucket-count=8"
    "memorysetup-profiler-bucket-allocator-block-size=33554432"
    "memorysetup-profiler-bucket-allocator-block-count=8"
    "memorysetup-profiler-allocator-block-size=16777216"
    "memorysetup-profiler-editor-allocator-block-size=1048576"
    "memorysetup-temp-allocator-size-main=16777216"
    "memorysetup-job-temp-allocator-block-size=2097152"
    "memorysetup-job-temp-allocator-block-size-background=1048576"
    "memorysetup-job-temp-allocator-reduction-small-platforms=262144"
    "memorysetup-allocator-temp-initial-block-size-main=262144"
    "memorysetup-allocator-temp-initial-block-size-worker=262144"
    "memorysetup-temp-allocator-size-background-worker=32768"
    "memorysetup-temp-allocator-size-job-worker=262144"
    "memorysetup-temp-allocator-size-preload-manager=33554432"
    "memorysetup-temp-allocator-size-nav-mesh-worker=65536"
    "memorysetup-temp-allocator-size-audio-worker=65536"
    "memorysetup-temp-allocator-size-cloud-worker=32768"
    "memorysetup-temp-allocator-size-gi-baking-worker=262144"
    "memorysetup-temp-allocator-size-gfx=262144"
Player connection [18208] Host "[IP] 192.168.1.42 [Port] 0 [Flags] 2 [Guid] 2715996847 [EditorId] 2715996847 [Version] 1048832 [Id] WindowsEditor(7,DESKTOP-4US7NOR) [Debug] 1 [PackageName] WindowsEditor [ProjectName] Editor" joined multi-casting on [225.0.0.222:54997]...

Player connection [18208] Host "[IP] 192.168.1.42 [Port] 0 [Flags] 2 [Guid] 2715996847 [EditorId] 2715996847 [Version] 1048832 [Id] WindowsEditor(7,DESKTOP-4US7NOR) [Debug] 1 [PackageName] WindowsEditor [ProjectName] Editor" joined alternative multi-casting on [225.0.0.222:34997]...

Refreshing native plugins compatible for Editor in 7.46 ms, found 3 plugins.
Preloading 0 native plugins for Editor in 0.00 ms.
Initialize engine version: 2022.3.4f1 (35713cd46cd7)
[Subsystems] Discovering subsystems at path C:/Program Files/Unity/Hub/Editor/2022.3.4f1/Editor/Data/Resources/UnitySubsystems
[Subsystems] Discovering subsystems at path Z:/Este Equipo/Desktop/Cosas Alejandro/Carta de presentación/Assets
GfxDevice: creating device client; threaded=0; jobified=0
Direct3D:
    Version:  Direct3D 11.0 [level 11.1]
    Renderer: AMD Radeon Pro W5500 (ID=0x7341)
    Vendor:   ATI
    VRAM:     8151 MB
    Driver:   31.0.12027.9001
Initialize mono
Mono path[0] = 'C:/Program Files/Unity/Hub/Editor/2022.3.4f1/Editor/Data/Managed'
Mono path[1] = 'C:/Program Files/Unity/Hub/Editor/2022.3.4f1/Editor/Data/MonoBleedingEdge/lib/mono/unityjit-win32'
Mono config path = 'C:/Program Files/Unity/Hub/Editor/2022.3.4f1/Editor/Data/MonoBleedingEdge/etc'
Using monoOptions --debugger-agent=transport=dt_socket,embedding=1,server=y,suspend=n,address=127.0.0.1:56956
Begin MonoManager ReloadAssembly
Registering precompiled unity dll's ...
Register platform support module: C:/Program Files/Unity/Hub/Editor/2022.3.4f1/Editor/Data/PlaybackEngines/AndroidPlayer/UnityEditor.Android.Extensions.dll
Register platform support module: C:/Program Files/Unity/Hub/Editor/2022.3.4f1/Editor/Data/PlaybackEngines/WindowsStandaloneSupport/UnityEditor.WindowsStandalone.Extensions.dll
Registered in 0.017367 seconds.
- Loaded All Assemblies, in  0.404 seconds
Native extension for WindowsStandalone target not found
Native extension for Android target not found
Android Extension - Scanning For ADB Devices 2250 ms
Mono: successfully reloaded assembly
- Finished resetting the current domain, in  2.599 seconds
Domain Reload Profiling: 2999ms
	BeginReloadAssembly (105ms)
		ExecutionOrderSort (0ms)
		DisableScriptedObjects (0ms)
		BackupInstance (0ms)
		ReleaseScriptingObjects (0ms)
		CreateAndSetChildDomain (1ms)
	RebuildCommonClasses (39ms)
	RebuildNativeTypeToScriptingClass (12ms)
	initialDomainReloadingComplete (82ms)
	LoadAllAssembliesAndSetupDomain (162ms)
		LoadAssemblies (101ms)
		RebuildTransferFunctionScriptingTraits (0ms)
		AnalyzeDomain (149ms)
			TypeCache.Refresh (148ms)
				TypeCache.ScanAssembly (136ms)
			ScanForSourceGeneratedMonoScriptInfo (0ms)
			ResolveRequiredComponents (1ms)
	FinalizeReload (2599ms)
		ReleaseScriptCaches (0ms)
		RebuildScriptCaches (0ms)
		SetupLoadedEditorAssemblies (2539ms)
			LogAssemblyErrors (0ms)
			InitializePlatformSupportModulesInManaged (2386ms)
			SetLoadedEditorAssemblies (4ms)
			RefreshPlugins (0ms)
			BeforeProcessingInitializeOnLoad (2ms)
			ProcessInitializeOnLoadAttributes (100ms)
			ProcessInitializeOnLoadMethodAttributes (48ms)
			AfterProcessingInitializeOnLoad (0ms)
			EditorAssembliesLoaded (0ms)
		ExecutionOrderSort2 (0ms)
		AwakeInstancesAfterBackupRestoration (0ms)
========================================================================
Worker process is ready to serve import requests
Begin MonoManager ReloadAssembly
Symbol file LoadedFromMemory doesn't match image Z:\Este Equipo\Desktop\Cosas Alejandro\Carta de presentación\Library\PackageCache\com.unity.visualscripting@1.8.0\Editor\VisualScripting.Core\Dependencies\YamlDotNet\Unity.VisualScripting.YamlDotNet.dll
Symbol file LoadedFromMemory doesn't match image Z:\Este Equipo\Desktop\Cosas Alejandro\Carta de presentación\Library\PackageCache\com.unity.visualscripting@1.8.0\Editor\VisualScripting.Core\Dependencies\DotNetZip\Unity.VisualScripting.IonicZip.dll
- Loaded All Assemblies, in  0.773 seconds
Refreshing native plugins compatible for Editor in 2.58 ms, found 3 plugins.
Native extension for WindowsStandalone target not found
Native extension for Android target not found
Mono: successfully reloaded assembly
- Finished resetting the current domain, in  0.555 seconds
Domain Reload Profiling: 1323ms
	BeginReloadAssembly (148ms)
		ExecutionOrderSort (0ms)
		DisableScriptedObjects (6ms)
		BackupInstance (0ms)
		ReleaseScriptingObjects (0ms)
		CreateAndSetChildDomain (24ms)
	RebuildCommonClasses (38ms)
	RebuildNativeTypeToScriptingClass (12ms)
	initialDomainReloadingComplete (51ms)
	LoadAllAssembliesAndSetupDomain (519ms)
		LoadAssemblies (279ms)
		RebuildTransferFunctionScriptingTraits (0ms)
		AnalyzeDomain (310ms)
			TypeCache.Refresh (291ms)
				TypeCache.ScanAssembly (276ms)
			ScanForSourceGeneratedMonoScriptInfo (15ms)
			ResolveRequiredComponents (5ms)
	FinalizeReload (555ms)
		ReleaseScriptCaches (0ms)
		RebuildScriptCaches (0ms)
		SetupLoadedEditorAssemblies (383ms)
			LogAssemblyErrors (0ms)
			InitializePlatformSupportModulesInManaged (30ms)
			SetLoadedEditorAssemblies (4ms)
			RefreshPlugins (0ms)
			BeforeProcessingInitializeOnLoad (67ms)
			ProcessInitializeOnLoadAttributes (246ms)
			ProcessInitializeOnLoadMethodAttributes (21ms)
			AfterProcessingInitializeOnLoad (14ms)
			EditorAssembliesLoaded (0ms)
		ExecutionOrderSort2 (0ms)
		AwakeInstancesAfterBackupRestoration (7ms)
Launched and connected shader compiler UnityShaderCompiler.exe after 0.05 seconds
Refreshing native plugins compatible for Editor in 2.55 ms, found 3 plugins.
Preloading 0 native plugins for Editor in 0.00 ms.
Unloading 3143 Unused Serialized files (Serialized files now loaded: 0)
Unloading 31 unused Assets / (56.7 KB). Loaded Objects now: 3611.
Memory consumption went from 126.4 MB to 126.4 MB.
Total: 3.234200 ms (FindLiveObjects: 0.278700 ms CreateObjectMapping: 0.079100 ms MarkObjects: 2.762200 ms  DeleteObjects: 0.113300 ms)

AssetImportParameters requested are different than current active one (requested -> active):
  custom:container-demuxer-ogg: 62fdf1f143b41e24485cea50d1cbac27 -> 
  custom:scripting/monoscript/fileName/Menu.cs: f8ad144ecc097d023673ac832072e82c -> 6a6b6f10406332b78ded19ddc96541c7
  custom:scripting/monoscript/fileName/MapaB.cs: 4fa67f7e5141fbd883a36828d2a65f4b -> 4985fe7c8fb6cb7c37161d640d9cad67
  custom:video-decoder-ogg-theora: a1e56fd34408186e4bbccfd4996cb3dc -> 
  custom:scripting/monoscript/fileName/MuevePlayer.cs: f576c7bdc0d08622584e8b0691ccc939 -> 914820528a39fdd765d5f4e026e83bcf
  custom:framework-win-MediaFoundation: 216162199b28c13a410421893ffa2e32 -> 
  custom:CustomObjectIndexerAttribute: 756ad292c208cfabdd7b50bc23989ffe -> 
  custom:container-demuxer-webm: 4f35f7cbe854078d1ac9338744f61a02 -> 
  custom:scripting/monoscript/fileName/MueveHielo.cs: f01b1ba5c8246116db74c98ceb9318b8 -> 7738d2e0a4ff57955320cbf3964abcfc
  custom:container-muxer-webm: aa71ff27fc2769a1b78a27578f13a17b -> 
  custom:video-decoder-webm-vp8: 9c59270c3fd7afecdb556c50c9e8de78 -> 
  custom:scripting/monoscript/fileName/PieceB.cs: 4bc5819e84870e1500bfd19c22855a3f -> 2eeec960e6473f505353d0b1bfff680c
  custom:AudioImporter_EditorPlatform: d09bf68614088b80899f8185d706f6e7 -> 
  custom:scripting/monoscript/fileName/GeneratorM.cs: 7d0973cbde8e0798ee0054726663e612 -> b182f4db9df5c464eb4378c9f480174f
  custom:scripting/monoscript/fileName/goalPos.cs: b31bae20feca876481367752647bae60 -> e519c760cb24dda6123894b083efe61e
  custom:video-encoder-webm-vp8: eb34c28f22e8b96e1ab97ce403110664 -> 
  custom:audio-decoder-ogg-vorbis: bf7c407c2cedff20999df2af8eb42d56 -> 
  custom:scripting/monoscript/fileName/Piece1.cs: 48602b54a5b62ccd516f1cc19cea79f3 -> 6cef5d011f08a323c5e3dbdb73b6aa98
  custom:scripting/monoscript/fileName/Generator.cs: e03bbce4cc01855e7c44351c99d2fae5 -> 2988d5dc2051f77f7792a9b2cf358ec3
  custom:scripting/monoscript/fileName/Piece.cs: c43145177a7cf9a905d79b0d27041e47 -> 238aee5856321ce7d8540c82711f13a9
  custom:scripting/monoscript/fileName/CubeM.cs: 7a65e7ccba79a6c760c5aeea4d5c83c2 -> b9676cfded1b041761724f7cbd980d2b
  custom:audio-encoder-webm-vorbis: bf7c407c2cedff20999df2af8eb42d56 -> 
========================================================================
Received Import Request.
  Time since last request: 2178865.260179 seconds.
  path: Assets/Games/3DGames/Generacion/Scenes
  artifactKey: Guid(6ea315d0fd7389c41b19996891e99ae3) Importer(815301076,1909f56bfc062723c751e8b465ee728b)
Start importing Assets/Games/3DGames/Generacion/Scenes using Guid(6ea315d0fd7389c41b19996891e99ae3) Importer(815301076,1909f56bfc062723c751e8b465ee728b)  -> (artifact id: '81c328eaa686ea6ec9a8a9505cc07a90') in 0.002283 seconds
Number of updated asset objects reloaded before import = 0
Number of asset objects unloaded after import = 0
========================================================================
Received Import Request.
  Time since last request: 0.000016 seconds.
  path: Assets/Games/3DGames/Generacion
  artifactKey: Guid(7bcc26c5ca9bd844fa43c540e70fe16e) Importer(815301076,1909f56bfc062723c751e8b465ee728b)
Start importing Assets/Games/3DGames/Generacion using Guid(7bcc26c5ca9bd844fa43c540e70fe16e) Importer(815301076,1909f56bfc062723c751e8b465ee728b)  -> (artifact id: '887e8341840b46f2f4e803a0d36101e8') in 0.000369 seconds
Number of updated asset objects reloaded before import = 0
Number of asset objects unloaded after import = 0
========================================================================
Received Import Request.
  Time since last request: 13.307848 seconds.
  path: Assets/Games/3DGames/Generacion/Prefabs/Pieza.prefab
  artifactKey: Guid(86f35b8f543ddc94ab672d49c8841024) Importer(815301076,1909f56bfc062723c751e8b465ee728b)
Start importing Assets/Games/3DGames/Generacion/Prefabs/Pieza.prefab using Guid(86f35b8f543ddc94ab672d49c8841024) Importer(815301076,1909f56bfc062723c751e8b465ee728b)  -> (artifact id: '36d5fd4285a551dbb412b45191d7e8d5') in 0.024160 seconds
Number of updated asset objects reloaded before import = 0
Number of asset objects unloaded after import = 7
========================================================================
Received Import Request.
  Time since last request: 0.000026 seconds.
  path: Assets/Games/3DGames/Generacion/Prefabs/Suelo.prefab
  artifactKey: Guid(f993668b1f04e4b4281c7005d7674944) Importer(815301076,1909f56bfc062723c751e8b465ee728b)
Start importing Assets/Games/3DGames/Generacion/Prefabs/Suelo.prefab using Guid(f993668b1f04e4b4281c7005d7674944) Importer(815301076,1909f56bfc062723c751e8b465ee728b)  -> (artifact id: 'b6a7a5dd5e3788fef5a6b15e1c703f6e') in 0.174963 seconds
Number of updated asset objects reloaded before import = 0
Number of asset objects unloaded after import = 32
========================================================================
Received Import Request.
  Time since last request: 166.980088 seconds.
  path: Assets/Games/3DGames/sokoban/Prefabs/Goal.prefab
  artifactKey: Guid(582b6ce4c1c74e6498be6960ab28d83e) Importer(815301076,1909f56bfc062723c751e8b465ee728b)
Start importing Assets/Games/3DGames/sokoban/Prefabs/Goal.prefab using Guid(582b6ce4c1c74e6498be6960ab28d83e) Importer(815301076,1909f56bfc062723c751e8b465ee728b)  -> (artifact id: '51187169791cc54cdb1f9490ebe66012') in 0.026338 seconds
Internal: There are remaining Allocations on the JobTempAlloc. This is a leak, and will impact performance
To Debug, run app with -diag-job-temp-memory-leak-validation cmd line argument. This will output the callstacks of the leaked allocations.
Number of updated asset objects reloaded before import = 0
Number of asset objects unloaded after import = 15
========================================================================
Received Import Request.
  Time since last request: 83.217560 seconds.
  path: Assets/Games/3DGames/sokoban/Materiales & Sprites/Hielo.mat
  artifactKey: Guid(e8446c67c34566e48911c21c19a3d7f2) Importer(815301076,1909f56bfc062723c751e8b465ee728b)
Start importing Assets/Games/3DGames/sokoban/Materiales & Sprites/Hielo.mat using Guid(e8446c67c34566e48911c21c19a3d7f2) Importer(815301076,1909f56bfc062723c751e8b465ee728b)  -> (artifact id: '7ae071933600537c23f11dbbd0c747eb') in 0.036297 seconds
Internal: There are remaining Allocations on the JobTempAlloc. This is a leak, and will impact performance
To Debug, run app with -diag-job-temp-memory-leak-validation cmd line argument. This will output the callstacks of the leaked allocations.
Number of updated asset objects reloaded before import = 0
Number of asset objects unloaded after import = 1
========================================================================
Received Import Request.
  Time since last request: 0.000021 seconds.
  path: Assets/Games/3DGames/sokoban/Materiales & Sprites/player.png
  artifactKey: Guid(db5b2498d42a62e43b7cc91ab5c30a33) Importer(815301076,1909f56bfc062723c751e8b465ee728b)
Start importing Assets/Games/3DGames/sokoban/Materiales & Sprites/player.png using Guid(db5b2498d42a62e43b7cc91ab5c30a33) Importer(815301076,1909f56bfc062723c751e8b465ee728b)  -> (artifact id: '2b4aef302818731daeae203a93a4b949') in 0.038185 seconds
Internal: There are remaining Allocations on the JobTempAlloc. This is a leak, and will impact performance
To Debug, run app with -diag-job-temp-memory-leak-validation cmd line argument. This will output the callstacks of the leaked allocations.
Number of updated asset objects reloaded before import = 0
Number of asset objects unloaded after import = 3
========================================================================
Received Import Request.
  Time since last request: 15.397915 seconds.
  path: Assets/Games/2DGames/Platforms2D/SpriteSheets/ui/life_unit.png
  artifactKey: Guid(199bbf90e57dbd64bbdc96e93b0e0103) Importer(815301076,1909f56bfc062723c751e8b465ee728b)
Start importing Assets/Games/2DGames/Platforms2D/SpriteSheets/ui/life_unit.png using Guid(199bbf90e57dbd64bbdc96e93b0e0103) Importer(815301076,1909f56bfc062723c751e8b465ee728b)  -> (artifact id: '0e8eda84af0be9467edce1106dfa0576') in 0.021909 seconds
Internal: There are remaining Allocations on the JobTempAlloc. This is a leak, and will impact performance
To Debug, run app with -diag-job-temp-memory-leak-validation cmd line argument. This will output the callstacks of the leaked allocations.
Number of updated asset objects reloaded before import = 0
Number of asset objects unloaded after import = 3
========================================================================
Received Prepare
Begin MonoManager ReloadAssembly
Symbol file LoadedFromMemory doesn't match image Z:\Este Equipo\Desktop\Cosas Alejandro\Carta de presentación\Library\PackageCache\com.unity.visualscripting@1.8.0\Editor\VisualScripting.Core\Dependencies\YamlDotNet\Unity.VisualScripting.YamlDotNet.dll
Symbol file LoadedFromMemory doesn't match image Z:\Este Equipo\Desktop\Cosas Alejandro\Carta de presentación\Library\PackageCache\com.unity.visualscripting@1.8.0\Editor\VisualScripting.Core\Dependencies\DotNetZip\Unity.VisualScripting.IonicZip.dll
- Loaded All Assemblies, in  0.739 seconds
Refreshing native plugins compatible for Editor in 2.61 ms, found 3 plugins.
Native extension for WindowsStandalone target not found
Native extension for Android target not found
Mono: successfully reloaded assembly
- Finished resetting the current domain, in  0.847 seconds
Domain Reload Profiling: 1582ms
	BeginReloadAssembly (160ms)
		ExecutionOrderSort (0ms)
		DisableScriptedObjects (5ms)
		BackupInstance (0ms)
		ReleaseScriptingObjects (0ms)
		CreateAndSetChildDomain (39ms)
	RebuildCommonClasses (37ms)
	RebuildNativeTypeToScriptingClass (12ms)
	initialDomainReloadingComplete (38ms)
	LoadAllAssembliesAndSetupDomain (487ms)
		LoadAssemblies (289ms)
		RebuildTransferFunctionScriptingTraits (0ms)
		AnalyzeDomain (269ms)
			TypeCache.Refresh (263ms)
				TypeCache.ScanAssembly (252ms)
			ScanForSourceGeneratedMonoScriptInfo (0ms)
			ResolveRequiredComponents (5ms)
	FinalizeReload (847ms)
		ReleaseScriptCaches (0ms)
		RebuildScriptCaches (0ms)
		SetupLoadedEditorAssemblies (372ms)
			LogAssemblyErrors (0ms)
			InitializePlatformSupportModulesInManaged (31ms)
			SetLoadedEditorAssemblies (4ms)
			RefreshPlugins (0ms)
			BeforeProcessingInitializeOnLoad (72ms)
			ProcessInitializeOnLoadAttributes (229ms)
			ProcessInitializeOnLoadMethodAttributes (21ms)
			AfterProcessingInitializeOnLoad (14ms)
			EditorAssembliesLoaded (0ms)
		ExecutionOrderSort2 (0ms)
		AwakeInstancesAfterBackupRestoration (7ms)
Refreshing native plugins compatible for Editor in 2.57 ms, found 3 plugins.
Preloading 0 native plugins for Editor in 0.00 ms.
Unloading 3121 Unused Serialized files (Serialized files now loaded: 0)
Unloading 22 unused Assets / (30.5 KB). Loaded Objects now: 3661.
Memory consumption went from 122.0 MB to 122.0 MB.
Total: 3.087500 ms (FindLiveObjects: 0.296300 ms CreateObjectMapping: 0.087700 ms MarkObjects: 2.655900 ms  DeleteObjects: 0.046400 ms)

Prepare: number of updated asset objects reloaded= 0
AssetImportParameters requested are different than current active one (requested -> active):
  custom:container-demuxer-ogg: 62fdf1f143b41e24485cea50d1cbac27 -> 
  custom:scripting/monoscript/fileName/Menu.cs: f8ad144ecc097d023673ac832072e82c -> 6a6b6f10406332b78ded19ddc96541c7
  custom:scripting/monoscript/fileName/MapaB.cs: 4fa67f7e5141fbd883a36828d2a65f4b -> 4985fe7c8fb6cb7c37161d640d9cad67
  custom:video-decoder-ogg-theora: a1e56fd34408186e4bbccfd4996cb3dc -> 
  custom:scripting/monoscript/fileName/MuevePlayer.cs: f576c7bdc0d08622584e8b0691ccc939 -> 914820528a39fdd765d5f4e026e83bcf
  custom:framework-win-MediaFoundation: 216162199b28c13a410421893ffa2e32 -> 
  custom:CustomObjectIndexerAttribute: 756ad292c208cfabdd7b50bc23989ffe -> 
  custom:container-demuxer-webm: 4f35f7cbe854078d1ac9338744f61a02 -> 
  custom:scripting/monoscript/fileName/MueveHielo.cs: f01b1ba5c8246116db74c98ceb9318b8 -> 7738d2e0a4ff57955320cbf3964abcfc
  custom:container-muxer-webm: aa71ff27fc2769a1b78a27578f13a17b -> 
  custom:video-decoder-webm-vp8: 9c59270c3fd7afecdb556c50c9e8de78 -> 
  custom:scripting/monoscript/fileName/PieceB.cs: 4bc5819e84870e1500bfd19c22855a3f -> 2eeec960e6473f505353d0b1bfff680c
  custom:AudioImporter_EditorPlatform: d09bf68614088b80899f8185d706f6e7 -> 
  custom:scripting/monoscript/fileName/GeneratorM.cs: 7d0973cbde8e0798ee0054726663e612 -> b182f4db9df5c464eb4378c9f480174f
  custom:scripting/monoscript/fileName/goalPos.cs: b31bae20feca876481367752647bae60 -> e519c760cb24dda6123894b083efe61e
  custom:video-encoder-webm-vp8: eb34c28f22e8b96e1ab97ce403110664 -> 
  custom:audio-decoder-ogg-vorbis: bf7c407c2cedff20999df2af8eb42d56 -> 
  custom:scripting/monoscript/fileName/Piece1.cs: 48602b54a5b62ccd516f1cc19cea79f3 -> 6cef5d011f08a323c5e3dbdb73b6aa98
  custom:scripting/monoscript/fileName/Generator.cs: e03bbce4cc01855e7c44351c99d2fae5 -> 2988d5dc2051f77f7792a9b2cf358ec3
  custom:scripting/monoscript/fileName/Piece.cs: c43145177a7cf9a905d79b0d27041e47 -> 238aee5856321ce7d8540c82711f13a9
  custom:scripting/monoscript/fileName/CubeM.cs: 7a65e7ccba79a6c760c5aeea4d5c83c2 -> b9676cfded1b041761724f7cbd980d2b
  custom:audio-encoder-webm-vorbis: bf7c407c2cedff20999df2af8eb42d56 -> 
========================================================================
Received Prepare
Begin MonoManager ReloadAssembly
Symbol file LoadedFromMemory doesn't match image Z:\Este Equipo\Desktop\Cosas Alejandro\Carta de presentación\Library\PackageCache\com.unity.visualscripting@1.8.0\Editor\VisualScripting.Core\Dependencies\YamlDotNet\Unity.VisualScripting.YamlDotNet.dll
Symbol file LoadedFromMemory doesn't match image Z:\Este Equipo\Desktop\Cosas Alejandro\Carta de presentación\Library\PackageCache\com.unity.visualscripting@1.8.0\Editor\VisualScripting.Core\Dependencies\DotNetZip\Unity.VisualScripting.IonicZip.dll
- Loaded All Assemblies, in  0.750 seconds
Refreshing native plugins compatible for Editor in 2.50 ms, found 3 plugins.
Native extension for WindowsStandalone target not found
Native extension for Android target not found
Mono: successfully reloaded assembly
- Finished resetting the current domain, in  0.805 seconds
Domain Reload Profiling: 1551ms
	BeginReloadAssembly (161ms)
		ExecutionOrderSort (0ms)
		DisableScriptedObjects (6ms)
		BackupInstance (0ms)
		ReleaseScriptingObjects (0ms)
		CreateAndSetChildDomain (36ms)
	RebuildCommonClasses (37ms)
	RebuildNativeTypeToScriptingClass (12ms)
	initialDomainReloadingComplete (38ms)
	LoadAllAssembliesAndSetupDomain (497ms)
		LoadAssemblies (297ms)
		RebuildTransferFunctionScriptingTraits (0ms)
		AnalyzeDomain (274ms)
			TypeCache.Refresh (267ms)
				TypeCache.ScanAssembly (255ms)
			ScanForSourceGeneratedMonoScriptInfo (2ms)
			ResolveRequiredComponents (5ms)
	FinalizeReload (806ms)
		ReleaseScriptCaches (0ms)
		RebuildScriptCaches (0ms)
		SetupLoadedEditorAssemblies (345ms)
			LogAssemblyErrors (0ms)
			InitializePlatformSupportModulesInManaged (30ms)
			SetLoadedEditorAssemblies (4ms)
			RefreshPlugins (0ms)
			BeforeProcessingInitializeOnLoad (67ms)
			ProcessInitializeOnLoadAttributes (209ms)
			ProcessInitializeOnLoadMethodAttributes (20ms)
			AfterProcessingInitializeOnLoad (14ms)
			EditorAssembliesLoaded (0ms)
		ExecutionOrderSort2 (0ms)
		AwakeInstancesAfterBackupRestoration (7ms)
Refreshing native plugins compatible for Editor in 2.62 ms, found 3 plugins.
Preloading 0 native plugins for Editor in 0.00 ms.
Unloading 3122 Unused Serialized files (Serialized files now loaded: 0)
Unloading 22 unused Assets / (30.7 KB). Loaded Objects now: 3664.
Memory consumption went from 122.2 MB to 122.2 MB.
Total: 3.072300 ms (FindLiveObjects: 0.299400 ms CreateObjectMapping: 0.077600 ms MarkObjects: 2.641900 ms  DeleteObjects: 0.052200 ms)

Prepare: number of updated asset objects reloaded= 0
AssetImportParameters requested are different than current active one (requested -> active):
  custom:container-demuxer-ogg: 62fdf1f143b41e24485cea50d1cbac27 -> 
  custom:scripting/monoscript/fileName/Menu.cs: f8ad144ecc097d023673ac832072e82c -> 6a6b6f10406332b78ded19ddc96541c7
  custom:scripting/monoscript/fileName/MapaB.cs: 4fa67f7e5141fbd883a36828d2a65f4b -> 4985fe7c8fb6cb7c37161d640d9cad67
  custom:video-decoder-ogg-theora: a1e56fd34408186e4bbccfd4996cb3dc -> 
  custom:scripting/monoscript/fileName/MuevePlayer.cs: f576c7bdc0d08622584e8b0691ccc939 -> 914820528a39fdd765d5f4e026e83bcf
  custom:framework-win-MediaFoundation: 216162199b28c13a410421893ffa2e32 -> 
  custom:CustomObjectIndexerAttribute: 756ad292c208cfabdd7b50bc23989ffe -> 
  custom:container-demuxer-webm: 4f35f7cbe854078d1ac9338744f61a02 -> 
  custom:scripting/monoscript/fileName/MueveHielo.cs: f01b1ba5c8246116db74c98ceb9318b8 -> 7738d2e0a4ff57955320cbf3964abcfc
  custom:container-muxer-webm: aa71ff27fc2769a1b78a27578f13a17b -> 
  custom:video-decoder-webm-vp8: 9c59270c3fd7afecdb556c50c9e8de78 -> 
  custom:scripting/monoscript/fileName/PieceB.cs: 4bc5819e84870e1500bfd19c22855a3f -> 2eeec960e6473f505353d0b1bfff680c
  custom:AudioImporter_EditorPlatform: d09bf68614088b80899f8185d706f6e7 -> 
  custom:scripting/monoscript/fileName/GeneratorM.cs: 7d0973cbde8e0798ee0054726663e612 -> b182f4db9df5c464eb4378c9f480174f
  custom:scripting/monoscript/fileName/goalPos.cs: b31bae20feca876481367752647bae60 -> e519c760cb24dda6123894b083efe61e
  custom:video-encoder-webm-vp8: eb34c28f22e8b96e1ab97ce403110664 -> 
  custom:audio-decoder-ogg-vorbis: bf7c407c2cedff20999df2af8eb42d56 -> 
  custom:scripting/monoscript/fileName/Piece1.cs: 48602b54a5b62ccd516f1cc19cea79f3 -> 6cef5d011f08a323c5e3dbdb73b6aa98
  custom:scripting/monoscript/fileName/Generator.cs: e03bbce4cc01855e7c44351c99d2fae5 -> 2988d5dc2051f77f7792a9b2cf358ec3
  custom:scripting/monoscript/fileName/Piece.cs: c43145177a7cf9a905d79b0d27041e47 -> 238aee5856321ce7d8540c82711f13a9
  custom:scripting/monoscript/fileName/CubeM.cs: 7a65e7ccba79a6c760c5aeea4d5c83c2 -> b9676cfded1b041761724f7cbd980d2b
  custom:audio-encoder-webm-vorbis: bf7c407c2cedff20999df2af8eb42d56 -> 
========================================================================
Received Prepare
Begin MonoManager ReloadAssembly
Symbol file LoadedFromMemory doesn't match image Z:\Este Equipo\Desktop\Cosas Alejandro\Carta de presentación\Library\PackageCache\com.unity.visualscripting@1.8.0\Editor\VisualScripting.Core\Dependencies\YamlDotNet\Unity.VisualScripting.YamlDotNet.dll
Symbol file LoadedFromMemory doesn't match image Z:\Este Equipo\Desktop\Cosas Alejandro\Carta de presentación\Library\PackageCache\com.unity.visualscripting@1.8.0\Editor\VisualScripting.Core\Dependencies\DotNetZip\Unity.VisualScripting.IonicZip.dll
- Loaded All Assemblies, in  0.759 seconds
Refreshing native plugins compatible for Editor in 2.67 ms, found 3 plugins.
Native extension for WindowsStandalone target not found
Native extension for Android target not found
Mono: successfully reloaded assembly
- Finished resetting the current domain, in  0.834 seconds
Domain Reload Profiling: 1589ms
	BeginReloadAssembly (159ms)
		ExecutionOrderSort (0ms)
		DisableScriptedObjects (6ms)
		BackupInstance (0ms)
		ReleaseScriptingObjects (0ms)
		CreateAndSetChildDomain (37ms)
	RebuildCommonClasses (37ms)
	RebuildNativeTypeToScriptingClass (12ms)
	initialDomainReloadingComplete (41ms)
	LoadAllAssembliesAndSetupDomain (505ms)
		LoadAssemblies (302ms)
		RebuildTransferFunctionScriptingTraits (0ms)
		AnalyzeDomain (274ms)
			TypeCache.Refresh (269ms)
				TypeCache.ScanAssembly (256ms)
			ScanForSourceGeneratedMonoScriptInfo (0ms)
			ResolveRequiredComponents (5ms)
	FinalizeReload (835ms)
		ReleaseScriptCaches (0ms)
		RebuildScriptCaches (0ms)
		SetupLoadedEditorAssemblies (360ms)
			LogAssemblyErrors (0ms)
			InitializePlatformSupportModulesInManaged (32ms)
			SetLoadedEditorAssemblies (5ms)
			RefreshPlugins (0ms)
			BeforeProcessingInitializeOnLoad (69ms)
			ProcessInitializeOnLoadAttributes (218ms)
			ProcessInitializeOnLoadMethodAttributes (21ms)
			AfterProcessingInitializeOnLoad (14ms)
			EditorAssembliesLoaded (0ms)
		ExecutionOrderSort2 (0ms)
		AwakeInstancesAfterBackupRestoration (6ms)
Refreshing native plugins compatible for Editor in 2.91 ms, found 3 plugins.
Preloading 0 native plugins for Editor in 0.00 ms.
Unloading 3122 Unused Serialized files (Serialized files now loaded: 0)
Unloading 22 unused Assets / (30.6 KB). Loaded Objects now: 3667.
Memory consumption went from 122.3 MB to 122.2 MB.
Total: 3.285900 ms (FindLiveObjects: 0.322400 ms CreateObjectMapping: 0.082000 ms MarkObjects: 2.820100 ms  DeleteObjects: 0.059900 ms)

Prepare: number of updated asset objects reloaded= 0
AssetImportParameters requested are different than current active one (requested -> active):
  custom:container-demuxer-ogg: 62fdf1f143b41e24485cea50d1cbac27 -> 
  custom:scripting/monoscript/fileName/Menu.cs: f8ad144ecc097d023673ac832072e82c -> 6a6b6f10406332b78ded19ddc96541c7
  custom:scripting/monoscript/fileName/MapaB.cs: 4fa67f7e5141fbd883a36828d2a65f4b -> 4985fe7c8fb6cb7c37161d640d9cad67
  custom:video-decoder-ogg-theora: a1e56fd34408186e4bbccfd4996cb3dc -> 
  custom:scripting/monoscript/fileName/MuevePlayer.cs: f576c7bdc0d08622584e8b0691ccc939 -> 914820528a39fdd765d5f4e026e83bcf
  custom:framework-win-MediaFoundation: 216162199b28c13a410421893ffa2e32 -> 
  custom:CustomObjectIndexerAttribute: 756ad292c208cfabdd7b50bc23989ffe -> 
  custom:container-demuxer-webm: 4f35f7cbe854078d1ac9338744f61a02 -> 
  custom:scripting/monoscript/fileName/MueveHielo.cs: f01b1ba5c8246116db74c98ceb9318b8 -> 7738d2e0a4ff57955320cbf3964abcfc
  custom:container-muxer-webm: aa71ff27fc2769a1b78a27578f13a17b -> 
  custom:video-decoder-webm-vp8: 9c59270c3fd7afecdb556c50c9e8de78 -> 
  custom:scripting/monoscript/fileName/PieceB.cs: 4bc5819e84870e1500bfd19c22855a3f -> 2eeec960e6473f505353d0b1bfff680c
  custom:AudioImporter_EditorPlatform: d09bf68614088b80899f8185d706f6e7 -> 
  custom:scripting/monoscript/fileName/GeneratorM.cs: 7d0973cbde8e0798ee0054726663e612 -> b182f4db9df5c464eb4378c9f480174f
  custom:scripting/monoscript/fileName/goalPos.cs: b31bae20feca876481367752647bae60 -> e519c760cb24dda6123894b083efe61e
  custom:video-encoder-webm-vp8: eb34c28f22e8b96e1ab97ce403110664 -> 
  custom:audio-decoder-ogg-vorbis: bf7c407c2cedff20999df2af8eb42d56 -> 
  custom:scripting/monoscript/fileName/Piece1.cs: 48602b54a5b62ccd516f1cc19cea79f3 -> 6cef5d011f08a323c5e3dbdb73b6aa98
  custom:scripting/monoscript/fileName/Generator.cs: e03bbce4cc01855e7c44351c99d2fae5 -> 2988d5dc2051f77f7792a9b2cf358ec3
  custom:scripting/monoscript/fileName/Piece.cs: c43145177a7cf9a905d79b0d27041e47 -> 238aee5856321ce7d8540c82711f13a9
  custom:scripting/monoscript/fileName/CubeM.cs: 7a65e7ccba79a6c760c5aeea4d5c83c2 -> b9676cfded1b041761724f7cbd980d2b
  custom:audio-encoder-webm-vorbis: bf7c407c2cedff20999df2af8eb42d56 -> 
========================================================================
Received Prepare
Begin MonoManager ReloadAssembly
Symbol file LoadedFromMemory doesn't match image Z:\Este Equipo\Desktop\Cosas Alejandro\Carta de presentación\Library\PackageCache\com.unity.visualscripting@1.8.0\Editor\VisualScripting.Core\Dependencies\YamlDotNet\Unity.VisualScripting.YamlDotNet.dll
Symbol file LoadedFromMemory doesn't match image Z:\Este Equipo\Desktop\Cosas Alejandro\Carta de presentación\Library\PackageCache\com.unity.visualscripting@1.8.0\Editor\VisualScripting.Core\Dependencies\DotNetZip\Unity.VisualScripting.IonicZip.dll
- Loaded All Assemblies, in  0.750 seconds
Refreshing native plugins compatible for Editor in 2.61 ms, found 3 plugins.
Native extension for WindowsStandalone target not found
Native extension for Android target not found
Mono: successfully reloaded assembly
- Finished resetting the current domain, in  0.833 seconds
Domain Reload Profiling: 1578ms
	BeginReloadAssembly (159ms)
		ExecutionOrderSort (0ms)
		DisableScriptedObjects (6ms)
		BackupInstance (0ms)
		ReleaseScriptingObjects (0ms)
		CreateAndSetChildDomain (34ms)
	RebuildCommonClasses (37ms)
	RebuildNativeTypeToScriptingClass (12ms)
	initialDomainReloadingComplete (41ms)
	LoadAllAssembliesAndSetupDomain (496ms)
		LoadAssemblies (297ms)
		RebuildTransferFunctionScriptingTraits (0ms)
		AnalyzeDomain (271ms)
			TypeCache.Refresh (266ms)
				TypeCache.ScanAssembly (254ms)
			ScanForSourceGeneratedMonoScriptInfo (0ms)
			ResolveRequiredComponents (5ms)
	FinalizeReload (833ms)
		ReleaseScriptCaches (0ms)
		RebuildScriptCaches (0ms)
		SetupLoadedEditorAssemblies (361ms)
			LogAssemblyErrors (0ms)
			InitializePlatformSupportModulesInManaged (30ms)
			SetLoadedEditorAssemblies (5ms)
			RefreshPlugins (0ms)
			BeforeProcessingInitializeOnLoad (75ms)
			ProcessInitializeOnLoadAttributes (216ms)
			ProcessInitializeOnLoadMethodAttributes (21ms)
			AfterProcessingInitializeOnLoad (14ms)
			EditorAssembliesLoaded (0ms)
		ExecutionOrderSort2 (0ms)
		AwakeInstancesAfterBackupRestoration (7ms)
Refreshing native plugins compatible for Editor in 2.55 ms, found 3 plugins.
Preloading 0 native plugins for Editor in 0.00 ms.
Unloading 3122 Unused Serialized files (Serialized files now loaded: 0)
Unloading 22 unused Assets / (30.6 KB). Loaded Objects now: 3670.
Memory consumption went from 122.3 MB to 122.2 MB.
Total: 3.275900 ms (FindLiveObjects: 0.293100 ms CreateObjectMapping: 0.081100 ms MarkObjects: 2.849700 ms  DeleteObjects: 0.050300 ms)

Prepare: number of updated asset objects reloaded= 0
AssetImportParameters requested are different than current active one (requested -> active):
  custom:container-demuxer-ogg: 62fdf1f143b41e24485cea50d1cbac27 -> 
  custom:scripting/monoscript/fileName/Menu.cs: f8ad144ecc097d023673ac832072e82c -> 6a6b6f10406332b78ded19ddc96541c7
  custom:scripting/monoscript/fileName/MapaB.cs: 4fa67f7e5141fbd883a36828d2a65f4b -> 4985fe7c8fb6cb7c37161d640d9cad67
  custom:video-decoder-ogg-theora: a1e56fd34408186e4bbccfd4996cb3dc -> 
  custom:scripting/monoscript/fileName/MuevePlayer.cs: f576c7bdc0d08622584e8b0691ccc939 -> 914820528a39fdd765d5f4e026e83bcf
  custom:framework-win-MediaFoundation: 216162199b28c13a410421893ffa2e32 -> 
  custom:CustomObjectIndexerAttribute: 756ad292c208cfabdd7b50bc23989ffe -> 
  custom:container-demuxer-webm: 4f35f7cbe854078d1ac9338744f61a02 -> 
  custom:scripting/monoscript/fileName/MueveHielo.cs: f01b1ba5c8246116db74c98ceb9318b8 -> 7738d2e0a4ff57955320cbf3964abcfc
  custom:container-muxer-webm: aa71ff27fc2769a1b78a27578f13a17b -> 
  custom:video-decoder-webm-vp8: 9c59270c3fd7afecdb556c50c9e8de78 -> 
  custom:scripting/monoscript/fileName/PieceB.cs: 4bc5819e84870e1500bfd19c22855a3f -> 2eeec960e6473f505353d0b1bfff680c
  custom:AudioImporter_EditorPlatform: d09bf68614088b80899f8185d706f6e7 -> 
  custom:scripting/monoscript/fileName/GeneratorM.cs: 7d0973cbde8e0798ee0054726663e612 -> b182f4db9df5c464eb4378c9f480174f
  custom:scripting/monoscript/fileName/goalPos.cs: b31bae20feca876481367752647bae60 -> e519c760cb24dda6123894b083efe61e
  custom:video-encoder-webm-vp8: eb34c28f22e8b96e1ab97ce403110664 -> 
  custom:audio-decoder-ogg-vorbis: bf7c407c2cedff20999df2af8eb42d56 -> 
  custom:scripting/monoscript/fileName/Piece1.cs: 48602b54a5b62ccd516f1cc19cea79f3 -> 6cef5d011f08a323c5e3dbdb73b6aa98
  custom:scripting/monoscript/fileName/Generator.cs: e03bbce4cc01855e7c44351c99d2fae5 -> 2988d5dc2051f77f7792a9b2cf358ec3
  custom:scripting/monoscript/fileName/Piece.cs: c43145177a7cf9a905d79b0d27041e47 -> 238aee5856321ce7d8540c82711f13a9
  custom:scripting/monoscript/fileName/CubeM.cs: 7a65e7ccba79a6c760c5aeea4d5c83c2 -> b9676cfded1b041761724f7cbd980d2b
  custom:audio-encoder-webm-vorbis: bf7c407c2cedff20999df2af8eb42d56 -> 
========================================================================
Received Prepare
Begin MonoManager ReloadAssembly
Symbol file LoadedFromMemory doesn't match image Z:\Este Equipo\Desktop\Cosas Alejandro\Carta de presentación\Library\PackageCache\com.unity.visualscripting@1.8.0\Editor\VisualScripting.Core\Dependencies\YamlDotNet\Unity.VisualScripting.YamlDotNet.dll
Symbol file LoadedFromMemory doesn't match image Z:\Este Equipo\Desktop\Cosas Alejandro\Carta de presentación\Library\PackageCache\com.unity.visualscripting@1.8.0\Editor\VisualScripting.Core\Dependencies\DotNetZip\Unity.VisualScripting.IonicZip.dll
- Loaded All Assemblies, in  0.767 seconds
Refreshing native plugins compatible for Editor in 2.63 ms, found 3 plugins.
Native extension for WindowsStandalone target not found
Native extension for Android target not found
Mono: successfully reloaded assembly
- Finished resetting the current domain, in  0.817 seconds
Domain Reload Profiling: 1580ms
	BeginReloadAssembly (159ms)
		ExecutionOrderSort (0ms)
		DisableScriptedObjects (6ms)
		BackupInstance (0ms)
		ReleaseScriptingObjects (0ms)
		CreateAndSetChildDomain (33ms)
	RebuildCommonClasses (37ms)
	RebuildNativeTypeToScriptingClass (12ms)
	initialDomainReloadingComplete (40ms)
	LoadAllAssembliesAndSetupDomain (515ms)
		LoadAssemblies (299ms)
		RebuildTransferFunctionScriptingTraits (0ms)
		AnalyzeDomain (289ms)
			TypeCache.Refresh (284ms)
				TypeCache.ScanAssembly (273ms)
			ScanForSourceGeneratedMonoScriptInfo (0ms)
			ResolveRequiredComponents (5ms)
	FinalizeReload (818ms)
		ReleaseScriptCaches (0ms)
		RebuildScriptCaches (0ms)
		SetupLoadedEditorAssemblies (361ms)
			LogAssemblyErrors (0ms)
			InitializePlatformSupportModulesInManaged (29ms)
			SetLoadedEditorAssemblies (4ms)
			RefreshPlugins (0ms)
			BeforeProcessingInitializeOnLoad (67ms)
			ProcessInitializeOnLoadAttributes (225ms)
			ProcessInitializeOnLoadMethodAttributes (21ms)
			AfterProcessingInitializeOnLoad (15ms)
			EditorAssembliesLoaded (0ms)
		ExecutionOrderSort2 (0ms)
		AwakeInstancesAfterBackupRestoration (7ms)
Refreshing native plugins compatible for Editor in 2.95 ms, found 3 plugins.
Preloading 0 native plugins for Editor in 0.00 ms.
Unloading 3122 Unused Serialized files (Serialized files now loaded: 0)
Unloading 22 unused Assets / (30.6 KB). Loaded Objects now: 3673.
Memory consumption went from 122.3 MB to 122.2 MB.
Total: 3.391100 ms (FindLiveObjects: 0.315800 ms CreateObjectMapping: 0.081900 ms MarkObjects: 2.939800 ms  DeleteObjects: 0.052200 ms)

Prepare: number of updated asset objects reloaded= 0
AssetImportParameters requested are different than current active one (requested -> active):
  custom:container-demuxer-ogg: 62fdf1f143b41e24485cea50d1cbac27 -> 
  custom:scripting/monoscript/fileName/Menu.cs: f8ad144ecc097d023673ac832072e82c -> 6a6b6f10406332b78ded19ddc96541c7
  custom:scripting/monoscript/fileName/MapaB.cs: 4fa67f7e5141fbd883a36828d2a65f4b -> 4985fe7c8fb6cb7c37161d640d9cad67
  custom:video-decoder-ogg-theora: a1e56fd34408186e4bbccfd4996cb3dc -> 
  custom:scripting/monoscript/fileName/MuevePlayer.cs: f576c7bdc0d08622584e8b0691ccc939 -> 914820528a39fdd765d5f4e026e83bcf
  custom:framework-win-MediaFoundation: 216162199b28c13a410421893ffa2e32 -> 
  custom:CustomObjectIndexerAttribute: 756ad292c208cfabdd7b50bc23989ffe -> 
  custom:container-demuxer-webm: 4f35f7cbe854078d1ac9338744f61a02 -> 
  custom:scripting/monoscript/fileName/MueveHielo.cs: f01b1ba5c8246116db74c98ceb9318b8 -> 7738d2e0a4ff57955320cbf3964abcfc
  custom:container-muxer-webm: aa71ff27fc2769a1b78a27578f13a17b -> 
  custom:video-decoder-webm-vp8: 9c59270c3fd7afecdb556c50c9e8de78 -> 
  custom:scripting/monoscript/fileName/PieceB.cs: 4bc5819e84870e1500bfd19c22855a3f -> 2eeec960e6473f505353d0b1bfff680c
  custom:AudioImporter_EditorPlatform: d09bf68614088b80899f8185d706f6e7 -> 
  custom:scripting/monoscript/fileName/GeneratorM.cs: 7d0973cbde8e0798ee0054726663e612 -> b182f4db9df5c464eb4378c9f480174f
  custom:scripting/monoscript/fileName/goalPos.cs: b31bae20feca876481367752647bae60 -> e519c760cb24dda6123894b083efe61e
  custom:video-encoder-webm-vp8: eb34c28f22e8b96e1ab97ce403110664 -> 
  custom:audio-decoder-ogg-vorbis: bf7c407c2cedff20999df2af8eb42d56 -> 
  custom:scripting/monoscript/fileName/Piece1.cs: 48602b54a5b62ccd516f1cc19cea79f3 -> 6cef5d011f08a323c5e3dbdb73b6aa98
  custom:scripting/monoscript/fileName/Generator.cs: e03bbce4cc01855e7c44351c99d2fae5 -> 2988d5dc2051f77f7792a9b2cf358ec3
  custom:scripting/monoscript/fileName/Piece.cs: c43145177a7cf9a905d79b0d27041e47 -> 238aee5856321ce7d8540c82711f13a9
  custom:scripting/monoscript/fileName/CubeM.cs: 7a65e7ccba79a6c760c5aeea4d5c83c2 -> b9676cfded1b041761724f7cbd980d2b
  custom:audio-encoder-webm-vorbis: bf7c407c2cedff20999df2af8eb42d56 -> 
========================================================================
Received Prepare
Begin MonoManager ReloadAssembly
Symbol file LoadedFromMemory doesn't match image Z:\Este Equipo\Desktop\Cosas Alejandro\Carta de presentación\Library\PackageCache\com.unity.visualscripting@1.8.0\Editor\VisualScripting.Core\Dependencies\YamlDotNet\Unity.VisualScripting.YamlDotNet.dll
Symbol file LoadedFromMemory doesn't match image Z:\Este Equipo\Desktop\Cosas Alejandro\Carta de presentación\Library\PackageCache\com.unity.visualscripting@1.8.0\Editor\VisualScripting.Core\Dependencies\DotNetZip\Unity.VisualScripting.IonicZip.dll
- Loaded All Assemblies, in  0.763 seconds
Refreshing native plugins compatible for Editor in 2.68 ms, found 3 plugins.
Native extension for WindowsStandalone target not found
Native extension for Android target not found
Mono: successfully reloaded assembly
- Finished resetting the current domain, in  0.813 seconds
Domain Reload Profiling: 1570ms
	BeginReloadAssembly (163ms)
		ExecutionOrderSort (0ms)
		DisableScriptedObjects (6ms)
		BackupInstance (0ms)
		ReleaseScriptingObjects (0ms)
		CreateAndSetChildDomain (34ms)
	RebuildCommonClasses (36ms)
	RebuildNativeTypeToScriptingClass (12ms)
	initialDomainReloadingComplete (40ms)
	LoadAllAssembliesAndSetupDomain (506ms)
		LoadAssemblies (303ms)
		RebuildTransferFunctionScriptingTraits (0ms)
		AnalyzeDomain (280ms)
			TypeCache.Refresh (272ms)
				TypeCache.ScanAssembly (259ms)
			ScanForSourceGeneratedMonoScriptInfo (2ms)
			ResolveRequiredComponents (5ms)
	FinalizeReload (813ms)
		ReleaseScriptCaches (0ms)
		RebuildScriptCaches (0ms)
		SetupLoadedEditorAssemblies (344ms)
			LogAssemblyErrors (0ms)
			InitializePlatformSupportModulesInManaged (29ms)
			SetLoadedEditorAssemblies (4ms)
			RefreshPlugins (0ms)
			BeforeProcessingInitializeOnLoad (67ms)
			ProcessInitializeOnLoadAttributes (209ms)
			ProcessInitializeOnLoadMethodAttributes (20ms)
			AfterProcessingInitializeOnLoad (14ms)
			EditorAssembliesLoaded (0ms)
		ExecutionOrderSort2 (0ms)
		AwakeInstancesAfterBackupRestoration (7ms)
Refreshing native plugins compatible for Editor in 2.54 ms, found 3 plugins.
Preloading 0 native plugins for Editor in 0.00 ms.
Unloading 3122 Unused Serialized files (Serialized files now loaded: 0)
Unloading 22 unused Assets / (30.6 KB). Loaded Objects now: 3676.
Memory consumption went from 122.3 MB to 122.2 MB.
Total: 2.983600 ms (FindLiveObjects: 0.290300 ms CreateObjectMapping: 0.076800 ms MarkObjects: 2.569300 ms  DeleteObjects: 0.046400 ms)

Prepare: number of updated asset objects reloaded= 0
AssetImportParameters requested are different than current active one (requested -> active):
  custom:container-demuxer-ogg: 62fdf1f143b41e24485cea50d1cbac27 -> 
  custom:scripting/monoscript/fileName/Menu.cs: f8ad144ecc097d023673ac832072e82c -> 6a6b6f10406332b78ded19ddc96541c7
  custom:scripting/monoscript/fileName/MapaB.cs: 4fa67f7e5141fbd883a36828d2a65f4b -> 4985fe7c8fb6cb7c37161d640d9cad67
  custom:video-decoder-ogg-theora: a1e56fd34408186e4bbccfd4996cb3dc -> 
  custom:scripting/monoscript/fileName/MuevePlayer.cs: f576c7bdc0d08622584e8b0691ccc939 -> 914820528a39fdd765d5f4e026e83bcf
  custom:framework-win-MediaFoundation: 216162199b28c13a410421893ffa2e32 -> 
  custom:CustomObjectIndexerAttribute: 756ad292c208cfabdd7b50bc23989ffe -> 
  custom:container-demuxer-webm: 4f35f7cbe854078d1ac9338744f61a02 -> 
  custom:scripting/monoscript/fileName/MueveHielo.cs: f01b1ba5c8246116db74c98ceb9318b8 -> 7738d2e0a4ff57955320cbf3964abcfc
  custom:container-muxer-webm: aa71ff27fc2769a1b78a27578f13a17b -> 
  custom:video-decoder-webm-vp8: 9c59270c3fd7afecdb556c50c9e8de78 -> 
  custom:scripting/monoscript/fileName/PieceB.cs: 4bc5819e84870e1500bfd19c22855a3f -> 2eeec960e6473f505353d0b1bfff680c
  custom:AudioImporter_EditorPlatform: d09bf68614088b80899f8185d706f6e7 -> 
  custom:scripting/monoscript/fileName/GeneratorM.cs: 7d0973cbde8e0798ee0054726663e612 -> b182f4db9df5c464eb4378c9f480174f
  custom:scripting/monoscript/fileName/goalPos.cs: b31bae20feca876481367752647bae60 -> e519c760cb24dda6123894b083efe61e
  custom:video-encoder-webm-vp8: eb34c28f22e8b96e1ab97ce403110664 -> 
  custom:audio-decoder-ogg-vorbis: bf7c407c2cedff20999df2af8eb42d56 -> 
  custom:scripting/monoscript/fileName/Piece1.cs: 48602b54a5b62ccd516f1cc19cea79f3 -> 6cef5d011f08a323c5e3dbdb73b6aa98
  custom:scripting/monoscript/fileName/Generator.cs: e03bbce4cc01855e7c44351c99d2fae5 -> 2988d5dc2051f77f7792a9b2cf358ec3
  custom:scripting/monoscript/fileName/Piece.cs: c43145177a7cf9a905d79b0d27041e47 -> 238aee5856321ce7d8540c82711f13a9
  custom:scripting/monoscript/fileName/CubeM.cs: 7a65e7ccba79a6c760c5aeea4d5c83c2 -> b9676cfded1b041761724f7cbd980d2b
  custom:audio-encoder-webm-vorbis: bf7c407c2cedff20999df2af8eb42d56 -> 
========================================================================
Received Prepare
Begin MonoManager ReloadAssembly
Symbol file LoadedFromMemory doesn't match image Z:\Este Equipo\Desktop\Cosas Alejandro\Carta de presentación\Library\PackageCache\com.unity.visualscripting@1.8.0\Editor\VisualScripting.Core\Dependencies\YamlDotNet\Unity.VisualScripting.YamlDotNet.dll
Symbol file LoadedFromMemory doesn't match image Z:\Este Equipo\Desktop\Cosas Alejandro\Carta de presentación\Library\PackageCache\com.unity.visualscripting@1.8.0\Editor\VisualScripting.Core\Dependencies\DotNetZip\Unity.VisualScripting.IonicZip.dll
- Loaded All Assemblies, in  0.757 seconds
Refreshing native plugins compatible for Editor in 2.61 ms, found 3 plugins.
Native extension for WindowsStandalone target not found
Native extension for Android target not found
Mono: successfully reloaded assembly
- Finished resetting the current domain, in  0.813 seconds
Domain Reload Profiling: 1567ms
	BeginReloadAssembly (158ms)
		ExecutionOrderSort (0ms)
		DisableScriptedObjects (6ms)
		BackupInstance (0ms)
		ReleaseScriptingObjects (0ms)
		CreateAndSetChildDomain (37ms)
	RebuildCommonClasses (37ms)
	RebuildNativeTypeToScriptingClass (12ms)
	initialDomainReloadingComplete (38ms)
	LoadAllAssembliesAndSetupDomain (508ms)
		LoadAssemblies (295ms)
		RebuildTransferFunctionScriptingTraits (0ms)
		AnalyzeDomain (284ms)
			TypeCache.Refresh (279ms)
				TypeCache.ScanAssembly (267ms)
			ScanForSourceGeneratedMonoScriptInfo (0ms)
			ResolveRequiredComponents (5ms)
	FinalizeReload (814ms)
		ReleaseScriptCaches (0ms)
		RebuildScriptCaches (0ms)
		SetupLoadedEditorAssemblies (350ms)
			LogAssemblyErrors (0ms)
			InitializePlatformSupportModulesInManaged (29ms)
			SetLoadedEditorAssemblies (4ms)
			RefreshPlugins (0ms)
			BeforeProcessingInitializeOnLoad (68ms)
			ProcessInitializeOnLoadAttributes (213ms)
			ProcessInitializeOnLoadMethodAttributes (22ms)
			AfterProcessingInitializeOnLoad (15ms)
			EditorAssembliesLoaded (0ms)
		ExecutionOrderSort2 (0ms)
		AwakeInstancesAfterBackupRestoration (7ms)
Refreshing native plugins compatible for Editor in 2.55 ms, found 3 plugins.
Preloading 0 native plugins for Editor in 0.00 ms.
Unloading 3122 Unused Serialized files (Serialized files now loaded: 0)
Unloading 22 unused Assets / (30.6 KB). Loaded Objects now: 3679.
Memory consumption went from 122.3 MB to 122.2 MB.
Total: 3.188800 ms (FindLiveObjects: 0.330200 ms CreateObjectMapping: 0.084800 ms MarkObjects: 2.720400 ms  DeleteObjects: 0.052100 ms)

Prepare: number of updated asset objects reloaded= 0
AssetImportParameters requested are different than current active one (requested -> active):
  custom:container-demuxer-ogg: 62fdf1f143b41e24485cea50d1cbac27 -> 
  custom:scripting/monoscript/fileName/Menu.cs: f8ad144ecc097d023673ac832072e82c -> 6a6b6f10406332b78ded19ddc96541c7
  custom:scripting/monoscript/fileName/MapaB.cs: 4fa67f7e5141fbd883a36828d2a65f4b -> 4985fe7c8fb6cb7c37161d640d9cad67
  custom:video-decoder-ogg-theora: a1e56fd34408186e4bbccfd4996cb3dc -> 
  custom:scripting/monoscript/fileName/MuevePlayer.cs: f576c7bdc0d08622584e8b0691ccc939 -> 914820528a39fdd765d5f4e026e83bcf
  custom:framework-win-MediaFoundation: 216162199b28c13a410421893ffa2e32 -> 
  custom:CustomObjectIndexerAttribute: 756ad292c208cfabdd7b50bc23989ffe -> 
  custom:container-demuxer-webm: 4f35f7cbe854078d1ac9338744f61a02 -> 
  custom:scripting/monoscript/fileName/MueveHielo.cs: f01b1ba5c8246116db74c98ceb9318b8 -> 7738d2e0a4ff57955320cbf3964abcfc
  custom:container-muxer-webm: aa71ff27fc2769a1b78a27578f13a17b -> 
  custom:video-decoder-webm-vp8: 9c59270c3fd7afecdb556c50c9e8de78 -> 
  custom:scripting/monoscript/fileName/PieceB.cs: 4bc5819e84870e1500bfd19c22855a3f -> 2eeec960e6473f505353d0b1bfff680c
  custom:AudioImporter_EditorPlatform: d09bf68614088b80899f8185d706f6e7 -> 
  custom:scripting/monoscript/fileName/GeneratorM.cs: 7d0973cbde8e0798ee0054726663e612 -> b182f4db9df5c464eb4378c9f480174f
  custom:scripting/monoscript/fileName/goalPos.cs: b31bae20feca876481367752647bae60 -> e519c760cb24dda6123894b083efe61e
  custom:video-encoder-webm-vp8: eb34c28f22e8b96e1ab97ce403110664 -> 
  custom:audio-decoder-ogg-vorbis: bf7c407c2cedff20999df2af8eb42d56 -> 
  custom:scripting/monoscript/fileName/Piece1.cs: 48602b54a5b62ccd516f1cc19cea79f3 -> 6cef5d011f08a323c5e3dbdb73b6aa98
  custom:scripting/monoscript/fileName/Generator.cs: e03bbce4cc01855e7c44351c99d2fae5 -> 2988d5dc2051f77f7792a9b2cf358ec3
  custom:scripting/monoscript/fileName/Piece.cs: c43145177a7cf9a905d79b0d27041e47 -> 238aee5856321ce7d8540c82711f13a9
  custom:scripting/monoscript/fileName/CubeM.cs: 7a65e7ccba79a6c760c5aeea4d5c83c2 -> b9676cfded1b041761724f7cbd980d2b
  custom:audio-encoder-webm-vorbis: bf7c407c2cedff20999df2af8eb42d56 -> 
========================================================================
Received Prepare
Begin MonoManager ReloadAssembly
Symbol file LoadedFromMemory doesn't match image Z:\Este Equipo\Desktop\Cosas Alejandro\Carta de presentación\Library\PackageCache\com.unity.visualscripting@1.8.0\Editor\VisualScripting.Core\Dependencies\YamlDotNet\Unity.VisualScripting.YamlDotNet.dll
Symbol file LoadedFromMemory doesn't match image Z:\Este Equipo\Desktop\Cosas Alejandro\Carta de presentación\Library\PackageCache\com.unity.visualscripting@1.8.0\Editor\VisualScripting.Core\Dependencies\DotNetZip\Unity.VisualScripting.IonicZip.dll
- Loaded All Assemblies, in  0.740 seconds
Refreshing native plugins compatible for Editor in 2.55 ms, found 3 plugins.
Native extension for WindowsStandalone target not found
Native extension for Android target not found
Mono: successfully reloaded assembly
- Finished resetting the current domain, in  0.822 seconds
Domain Reload Profiling: 1558ms
	BeginReloadAssembly (154ms)
		ExecutionOrderSort (0ms)
		DisableScriptedObjects (6ms)
		BackupInstance (0ms)
		ReleaseScriptingObjects (0ms)
		CreateAndSetChildDomain (33ms)
	RebuildCommonClasses (37ms)
	RebuildNativeTypeToScriptingClass (12ms)
	initialDomainReloadingComplete (38ms)
	LoadAllAssembliesAndSetupDomain (495ms)
		LoadAssemblies (293ms)
		RebuildTransferFunctionScriptingTraits (0ms)
		AnalyzeDomain (274ms)
			TypeCache.Refresh (269ms)
				TypeCache.ScanAssembly (256ms)
			ScanForSourceGeneratedMonoScriptInfo (0ms)
			ResolveRequiredComponents (5ms)
	FinalizeReload (823ms)
		ReleaseScriptCaches (0ms)
		RebuildScriptCaches (0ms)
		SetupLoadedEditorAssemblies (356ms)
			LogAssemblyErrors (0ms)
			InitializePlatformSupportModulesInManaged (29ms)
			SetLoadedEditorAssemblies (4ms)
			RefreshPlugins (0ms)
			BeforeProcessingInitializeOnLoad (71ms)
			ProcessInitializeOnLoadAttributes (217ms)
			ProcessInitializeOnLoadMethodAttributes (21ms)
			AfterProcessingInitializeOnLoad (14ms)
			EditorAssembliesLoaded (0ms)
		ExecutionOrderSort2 (0ms)
		AwakeInstancesAfterBackupRestoration (7ms)
Refreshing native plugins compatible for Editor in 3.10 ms, found 3 plugins.
Preloading 0 native plugins for Editor in 0.00 ms.
Unloading 3122 Unused Serialized files (Serialized files now loaded: 0)
Unloading 22 unused Assets / (30.6 KB). Loaded Objects now: 3682.
Memory consumption went from 122.3 MB to 122.2 MB.
Total: 3.162600 ms (FindLiveObjects: 0.310000 ms CreateObjectMapping: 0.078000 ms MarkObjects: 2.720100 ms  DeleteObjects: 0.053500 ms)

Prepare: number of updated asset objects reloaded= 0
AssetImportParameters requested are different than current active one (requested -> active):
  custom:container-demuxer-ogg: 62fdf1f143b41e24485cea50d1cbac27 -> 
  custom:scripting/monoscript/fileName/Menu.cs: f8ad144ecc097d023673ac832072e82c -> 6a6b6f10406332b78ded19ddc96541c7
  custom:scripting/monoscript/fileName/MapaB.cs: 4fa67f7e5141fbd883a36828d2a65f4b -> 4985fe7c8fb6cb7c37161d640d9cad67
  custom:video-decoder-ogg-theora: a1e56fd34408186e4bbccfd4996cb3dc -> 
  custom:scripting/monoscript/fileName/MuevePlayer.cs: f576c7bdc0d08622584e8b0691ccc939 -> 914820528a39fdd765d5f4e026e83bcf
  custom:framework-win-MediaFoundation: 216162199b28c13a410421893ffa2e32 -> 
  custom:CustomObjectIndexerAttribute: 756ad292c208cfabdd7b50bc23989ffe -> 
  custom:container-demuxer-webm: 4f35f7cbe854078d1ac9338744f61a02 -> 
  custom:scripting/monoscript/fileName/MueveHielo.cs: f01b1ba5c8246116db74c98ceb9318b8 -> 7738d2e0a4ff57955320cbf3964abcfc
  custom:container-muxer-webm: aa71ff27fc2769a1b78a27578f13a17b -> 
  custom:video-decoder-webm-vp8: 9c59270c3fd7afecdb556c50c9e8de78 -> 
  custom:scripting/monoscript/fileName/PieceB.cs: 4bc5819e84870e1500bfd19c22855a3f -> 2eeec960e6473f505353d0b1bfff680c
  custom:AudioImporter_EditorPlatform: d09bf68614088b80899f8185d706f6e7 -> 
  custom:scripting/monoscript/fileName/GeneratorM.cs: 7d0973cbde8e0798ee0054726663e612 -> b182f4db9df5c464eb4378c9f480174f
  custom:scripting/monoscript/fileName/goalPos.cs: b31bae20feca876481367752647bae60 -> e519c760cb24dda6123894b083efe61e
  custom:video-encoder-webm-vp8: eb34c28f22e8b96e1ab97ce403110664 -> 
  custom:audio-decoder-ogg-vorbis: bf7c407c2cedff20999df2af8eb42d56 -> 
  custom:scripting/monoscript/fileName/Piece1.cs: 48602b54a5b62ccd516f1cc19cea79f3 -> 6cef5d011f08a323c5e3dbdb73b6aa98
  custom:scripting/monoscript/fileName/Generator.cs: e03bbce4cc01855e7c44351c99d2fae5 -> 2988d5dc2051f77f7792a9b2cf358ec3
  custom:scripting/monoscript/fileName/Piece.cs: c43145177a7cf9a905d79b0d27041e47 -> 238aee5856321ce7d8540c82711f13a9
  custom:scripting/monoscript/fileName/CubeM.cs: 7a65e7ccba79a6c760c5aeea4d5c83c2 -> b9676cfded1b041761724f7cbd980d2b
  custom:audio-encoder-webm-vorbis: bf7c407c2cedff20999df2af8eb42d56 -> 
